<?xml version="1.0" encoding="UTF-8"?>
<!-- Generated by org.testng.reporters.JUnitReportReporter -->
<testsuite hostname="LP-5CD151LYG1" failures="0" tests="4" name="api.testcases.ItemTest" time="14.261" errors="0" timestamp="2024-03-14T12:57:32 IST" skipped="0">
  <testcase classname="api.testcases.ItemTest" name="testCreateItem" time="12.776"/>
  <system-out/>
  <testcase classname="api.testcases.ItemTest" name="testGetItemsData" time="0.668"/>
  <system-out/>
  <testcase classname="api.testcases.ItemTest" name="testUpdateItem" time="0.725"/>
  <system-out/>
  <testcase classname="api.testcases.ItemTest" name="testDeleteItem" time="0.092"/>
  <system-out/>
</testsuite> <!-- api.testcases.ItemTest -->
