<?xml version="1.0" encoding="UTF-8"?>
<!-- Generated by org.testng.reporters.JUnitReportReporter -->
<testsuite hostname="LP-5CD151LYG1" failures="0" tests="1" name="restassured.TestDemo" time="0.042" errors="0" timestamp="2024-02-21T14:35:44 IST" skipped="0">
  <testcase classname="restassured.TestDemo" name="acceptRequest" time="0.042"/>
  <system-out/>
</testsuite> <!-- restassured.TestDemo -->
