<?xml version="1.0" encoding="UTF-8"?>
<!-- Generated by org.testng.reporters.JUnitReportReporter -->
<testsuite hostname="LP-5CD151LYG1" failures="0" tests="1" name="authentication.BearerToken" time="5.237" errors="0" timestamp="2024-03-01T12:57:58 IST" skipped="0">
  <testcase classname="authentication.BearerToken" name="token" time="5.237"/>
  <system-out/>
</testsuite> <!-- authentication.BearerToken -->
