<?xml version="1.0" encoding="UTF-8"?>
<!-- Generated by org.testng.reporters.JUnitReportReporter -->
<testsuite hostname="LP-5CD151LYG1" failures="0" tests="1" name="assignment.Get" time="2.035" errors="0" timestamp="2024-02-29T10:31:33 IST" skipped="0">
  <testcase classname="assignment.Get" name="contentType" time="2.035"/>
  <system-out/>
</testsuite> <!-- assignment.Get -->
