<?xml version="1.0" encoding="UTF-8"?>
<!-- Generated by org.testng.reporters.JUnitReportReporter -->
<testsuite hostname="LP-5CD151LYG1" failures="0" tests="1" name="assignment.Fetching" time="1.841" errors="0" timestamp="2024-02-29T10:25:10 IST" skipped="0">
  <testcase classname="assignment.Fetching" name="fetching" time="1.841"/>
  <system-out/>
</testsuite> <!-- assignment.Fetching -->
