<?xml version="1.0" encoding="UTF-8"?>
<!-- Generated by org.testng.reporters.JUnitReportReporter -->
<testsuite hostname="LP-5CD151LYG1" failures="0" tests="1" name="restassured.CreateUserPost" time="2.373" errors="0" timestamp="2024-02-29T10:39:17 IST" skipped="0">
  <testcase classname="restassured.CreateUserPost" name="testPost" time="2.373"/>
  <system-out/>
</testsuite> <!-- restassured.CreateUserPost -->
