<?xml version="1.0" encoding="UTF-8"?>
<!-- Generated by org.testng.reporters.JUnitReportReporter -->
<testsuite hostname="LP-5CD151LYG1" failures="0" tests="1" name="testng.TestDemo" time="0.009" errors="0" timestamp="2024-02-23T10:14:18 IST" skipped="0">
  <testcase classname="testng.TestDemo" name="acceptRequest" time="0.009"/>
  <system-out/>
</testsuite> <!-- testng.TestDemo -->
