<?xml version="1.0" encoding="UTF-8"?>
<!-- Generated by org.testng.reporters.JUnitReportReporter -->
<testsuite hostname="LP-5CD151LYG1" failures="0" tests="1" name="restassured.ListUsersGet" time="16.048" errors="0" timestamp="2024-02-23T15:17:30 IST" skipped="0">
  <testcase classname="restassured.ListUsersGet" name="listUsers" time="16.048"/>
  <system-out/>
</testsuite> <!-- restassured.ListUsersGet -->
