<?xml version="1.0" encoding="UTF-8"?>
<!-- Generated by org.testng.reporters.JUnitReportReporter -->
<testsuite hostname="LP-5CD151LYG1" failures="0" tests="3" name="restassured.PriorityDemo" time="0.008" errors="0" timestamp="2024-02-21T15:11:19 IST" skipped="0">
  <testcase classname="restassured.PriorityDemo" name="sendRequest" time="0.007"/>
  <system-out/>
  <testcase classname="restassured.PriorityDemo" name="deleteRequest" time="0.001"/>
  <system-out/>
  <testcase classname="restassured.PriorityDemo" name="acceptRequest" time="0.000"/>
  <system-out/>
</testsuite> <!-- restassured.PriorityDemo -->
