<?xml version="1.0" encoding="UTF-8"?>
<!-- Generated by org.testng.reporters.JUnitReportReporter -->
<testsuite hostname="LP-5CD151LYG1" failures="0" tests="1" name="restassured.ValidateResponseBody" time="2.318" errors="0" timestamp="2024-02-29T10:29:08 IST" skipped="0">
  <testcase classname="restassured.ValidateResponseBody" name="displayallvalues" time="2.318"/>
  <system-out/>
</testsuite> <!-- restassured.ValidateResponseBody -->
