<?xml version="1.0" encoding="UTF-8"?>
<!-- Generated by org.testng.reporters.JUnitReportReporter -->
<testsuite hostname="LP-5CD151LYG1" failures="0" tests="4" name="api.testcases.PetTest" time="11.871" errors="0" timestamp="2024-03-11T22:09:29 IST" skipped="0">
  <testcase classname="api.testcases.PetTest" name="testCreatePet" time="6.637"/>
  <system-out/>
  <testcase classname="api.testcases.PetTest" name="testGetPetData" time="1.478"/>
  <system-out/>
  <testcase classname="api.testcases.PetTest" name="testUpdatePet" time="2.358"/>
  <system-out/>
  <testcase classname="api.testcases.PetTest" name="testDeletePet" time="1.398"/>
  <system-out/>
</testsuite> <!-- api.testcases.PetTest -->
