<?xml version="1.0" encoding="UTF-8"?>
<!-- Generated by org.testng.reporters.JUnitReportReporter -->
<testsuite hostname="LP-5CD151LYG1" failures="0" tests="4" name="api.testcases.PetTest" time="8.888" errors="0" timestamp="2024-03-12T01:15:38 IST" skipped="0">
  <testcase classname="api.testcases.PetTest" name="testCreatePet" time="3.282"/>
  <system-out/>
  <testcase classname="api.testcases.PetTest" name="testGetPetData" time="1.406"/>
  <system-out/>
  <testcase classname="api.testcases.PetTest" name="testUpdatePet" time="2.884"/>
  <system-out/>
  <testcase classname="api.testcases.PetTest" name="testDeletePet" time="1.316"/>
  <system-out/>
</testsuite> <!-- api.testcases.PetTest -->
